<?xml version="1.0" encoding="UTF-8"?>
<!-- Generated by org.testng.reporters.JUnitXMLReporter -->
<testsuite ignored="0" hostname="WKWIN5351341" failures="0" tests="1" name="Test in Edge" time="0.035" errors="0" timestamp="2022-10-06T13:02:53 IST">
  <testcase classname="framework.tests.SearchProductTests" name="@BeforeClass setup" time="0.011">
    <failure type="java.lang.IllegalStateException" message="The driver executable does not exist: C:\Users\krikumar19\eclipse-workspace\selenium.training\src\test\resources\drivers\msedgedriver.exe">
      <![CDATA[java.lang.IllegalStateException: The driver executable does not exist: C:\Users\krikumar19\eclipse-workspace\selenium.training\src\test\resources\drivers\msedgedriver.exe
at com.google.common.base.Preconditions.checkState(Preconditions.java:585)
at org.openqa.selenium.remote.service.DriverService.checkExecutable(DriverService.java:146)
at org.openqa.selenium.remote.service.DriverService.findExecutable(DriverService.java:141)
at org.openqa.selenium.edge.EdgeDriverService.access$000(EdgeDriverService.java:37)
at org.openqa.selenium.edge.EdgeDriverService$Builder.findDefaultExecutable(EdgeDriverService.java:90)
at org.openqa.selenium.remote.service.DriverService$Builder.build(DriverService.java:355)
at org.openqa.selenium.edge.EdgeDriverService.createDefaultService(EdgeDriverService.java:70)
at org.openqa.selenium.edge.EdgeDriver.<init>(EdgeDriver.java:96)
at util.WebDriverManager.launchBrowser(WebDriverManager.java:16)
at framework.tests.SearchProductTests.setup(SearchProductTests.java:38)
at java.base/java.util.ArrayList.forEach(ArrayList.java:1511)
... Removed 25 stack frames]]>
    </failure>
  </testcase> <!-- @BeforeClass setup -->
  <testcase classname="framework.tests.SearchProductTests" name="@AfterClass teadown" time="-1.665041573091E9">
    <skipped/>
  </testcase> <!-- @AfterClass teadown -->
  <testcase classname="framework.tests.SearchProductTests" name="searchProductTest" time="0.0">
    <skipped/>
  </testcase> <!-- searchProductTest -->
</testsuite> <!-- Test in Edge -->
