<?xml version="1.0" encoding="UTF-8"?>
<!-- Generated by org.testng.reporters.JUnitXMLReporter -->
<testsuite ignored="0" hostname="WKWIN5351341" failures="0" tests="14" name="Test" time="0.145" errors="0" timestamp="2022-10-06T13:05:28 IST">
  <testcase classname="testng.NewTest" name="f" time="0.012"/>
  <testcase classname="testng.TestClassFour_group" name="TestOne" time="0.002"/>
  <testcase classname="testng.TestClassFour_group" name="TestTwo" time="0.004"/>
  <testcase classname="testng.TestClassFour_group" name="Testthree" time="0.002"/>
  <testcase classname="testng.TestClassFour_group" name="TestFour" time="0.002"/>
  <testcase classname="testng.TestClassOne" name="TestOne" time="0.001"/>
  <testcase classname="testng.TestClassOne" name="TestTwo" time="0.006"/>
  <testcase classname="testng.TestClassThree" name="TestOne" time="0.002"/>
  <testcase classname="testng.TestClassThree" name="TestTwo" time="0.002"/>
  <testcase classname="testng.TestClassTwo" name="TestOne" time="0.001"/>
  <testcase classname="testng.TestClassTwo" name="TestTwo" time="0.001"/>
  <testcase classname="testng.TestDependency" name="createEntity" time="0.001"/>
  <testcase classname="testng.TestDependency" name="UpdateEntity" time="0.001"/>
  <testcase classname="testng.TestDependency" name="deleteTest" time="0.001"/>
</testsuite> <!-- Test -->
