<?xml version="1.0" encoding="UTF-8"?>
<testng-results ignored="0" total="2" passed="2" failed="0" skipped="0">
  <reporter-output>
  </reporter-output>
  <suite started-at="2022-11-12T15:19:57 IST" name="Default suite" finished-at="2022-11-12T15:20:10 IST" duration-ms="13233">
    <groups>
    </groups>
    <test started-at="2022-11-12T15:19:57 IST" name="Default test" finished-at="2022-11-12T15:20:10 IST" duration-ms="13233">
      <class name="excelexercise.LoginThrowExcelData">
        <test-method is-config="true" signature="set()[pri:0, instance:excelexercise.LoginThrowExcelData@72057ecf]" started-at="2022-11-12T15:19:57 IST" name="set" finished-at="2022-11-12T15:20:03 IST" duration-ms="5997" status="PASS">
          <reporter-output>
          </reporter-output>
        </test-method> <!-- set -->
        <test-method signature="test(java.lang.String,java.lang.String)[pri:0, instance:excelexercise.LoginThrowExcelData@72057ecf]" started-at="2022-11-12T15:20:03 IST" name="test" data-provider="user-data" finished-at="2022-11-12T15:20:07 IST" duration-ms="3694" status="PASS">
          <params>
            <param index="0">
              <value>
                <![CDATA[123kritikumari@gmail.com]]>
              </value>
            </param>
            <param index="1">
              <value>
                <![CDATA[12345]]>
              </value>
            </param>
          </params>
          <reporter-output>
          </reporter-output>
        </test-method> <!-- test -->
        <test-method signature="test(java.lang.String,java.lang.String)[pri:0, instance:excelexercise.LoginThrowExcelData@72057ecf]" started-at="2022-11-12T15:20:07 IST" name="test" data-provider="user-data" finished-at="2022-11-12T15:20:10 IST" duration-ms="2907" status="PASS">
          <params>
            <param index="0">
              <value>
                <![CDATA[321kritikumari@gmail.com]]>
              </value>
            </param>
            <param index="1">
              <value>
                <![CDATA[12345]]>
              </value>
            </param>
          </params>
          <reporter-output>
          </reporter-output>
        </test-method> <!-- test -->
      </class> <!-- excelexercise.LoginThrowExcelData -->
    </test> <!-- Default test -->
  </suite> <!-- Default suite -->
</testng-results>
